<?xml version="1.0" encoding="UTF-8"?>
<!-- Generated by org.testng.reporters.JUnitReportReporter -->
<testsuite skipped="0" hostname="LAPTOP-676JCURR" name="org.testng.Testng1" tests="23" failures="0" timestamp="13 Sep 2021 12:32:53 GMT" time="8.394" errors="0">
  <testcase name="username" time="0.154" classname="org.testng.Testng1"/>
  <testcase name="password" time="0.147" classname="org.testng.Testng1"/>
  <testcase name="login" time="2.500" classname="org.testng.Testng1"/>
  <testcase name="location" time="0.299" classname="org.testng.Testng1"/>
  <testcase name="hotels" time="0.213" classname="org.testng.Testng1"/>
  <testcase name="roomtype" time="0.214" classname="org.testng.Testng1"/>
  <testcase name="noofrooms" time="0.196" classname="org.testng.Testng1"/>
  <testcase name="checkin" time="0.132" classname="org.testng.Testng1"/>
  <testcase name="checkout" time="0.055" classname="org.testng.Testng1"/>
  <testcase name="adultroom" time="0.213" classname="org.testng.Testng1"/>
  <testcase name="childrenroom" time="0.221" classname="org.testng.Testng1"/>
  <testcase name="search" time="1.161" classname="org.testng.Testng1"/>
  <testcase name="radiobtn" time="0.092" classname="org.testng.Testng1"/>
  <testcase name="continuebtn" time="1.069" classname="org.testng.Testng1"/>
  <testcase name="firstname" time="0.157" classname="org.testng.Testng1"/>
  <testcase name="lastname" time="0.134" classname="org.testng.Testng1"/>
  <testcase name="address" time="0.133" classname="org.testng.Testng1"/>
  <testcase name="ccnum" time="0.153" classname="org.testng.Testng1"/>
  <testcase name="cctype" time="0.176" classname="org.testng.Testng1"/>
  <testcase name="ccexpmonth" time="0.355" classname="org.testng.Testng1"/>
  <testcase name="ccexpyear" time="0.371" classname="org.testng.Testng1"/>
  <testcase name="ccCvv" time="0.134" classname="org.testng.Testng1"/>
  <testcase name="booknow" time="0.115" classname="org.testng.Testng1"/>
</testsuite> <!-- org.testng.Testng1 -->
