<?xml version="1.0" encoding="UTF-8"?>
<!-- Generated by org.testng.reporters.JUnitReportReporter -->
<testsuite skipped="0" hostname="LAPTOP-676JCURR" name="org.testng.AdactingTestNG" tests="17" failures="0" timestamp="14 Sep 2021 00:55:55 GMT" time="4.592" errors="0">
  <testcase name="username" time="0.913" classname="org.testng.AdactingTestNG"/>
  <testcase name="location" time="0.200" classname="org.testng.AdactingTestNG"/>
  <testcase name="hotels" time="0.164" classname="org.testng.AdactingTestNG"/>
  <testcase name="roomtype" time="0.155" classname="org.testng.AdactingTestNG"/>
  <testcase name="noofrooms" time="0.157" classname="org.testng.AdactingTestNG"/>
  <testcase name="checkin" time="0.116" classname="org.testng.AdactingTestNG"/>
  <testcase name="adultroom" time="0.146" classname="org.testng.AdactingTestNG"/>
  <testcase name="childrenroom" time="0.148" classname="org.testng.AdactingTestNG"/>
  <testcase name="search" time="0.479" classname="org.testng.AdactingTestNG"/>
  <testcase name="radiobtn" time="0.086" classname="org.testng.AdactingTestNG"/>
  <testcase name="continuebtn" time="0.469" classname="org.testng.AdactingTestNG"/>
  <testcase name="firstname" time="0.370" classname="org.testng.AdactingTestNG"/>
  <testcase name="cctype" time="0.141" classname="org.testng.AdactingTestNG"/>
  <testcase name="ccexpmonth" time="0.305" classname="org.testng.AdactingTestNG"/>
  <testcase name="ccexpyear" time="0.515" classname="org.testng.AdactingTestNG"/>
  <testcase name="ccCvv" time="0.115" classname="org.testng.AdactingTestNG"/>
  <testcase name="booknow" time="0.113" classname="org.testng.AdactingTestNG"/>
</testsuite> <!-- org.testng.AdactingTestNG -->
