<?xml version="1.0" encoding="UTF-8"?>
<!-- Generated by org.testng.reporters.JUnitReportReporter -->
<testsuite skipped="0" hostname="LAPTOP-676JCURR" name="org.testng.siuite2" tests="5" failures="0" timestamp="13 Sep 2021 09:25:27 GMT" time="0.023" errors="0">
  <testcase name="m1" time="0.000" classname="org.testng.siuite2"/>
  <testcase name="m1" time="0.022" classname="org.testng.siuite2"/>
  <testcase name="m1" time="0.000" classname="org.testng.siuite2"/>
  <testcase name="m1" time="0.000" classname="org.testng.siuite2"/>
  <testcase name="m1" time="0.001" classname="org.testng.siuite2"/>
</testsuite> <!-- org.testng.siuite2 -->
