<?xml version="1.0" encoding="UTF-8"?>
<!-- Generated by org.testng.reporters.JUnitReportReporter -->
<testsuite skipped="0" hostname="LAPTOP-676JCURR" name="org.testng.suite1" tests="2" failures="0" timestamp="13 Sep 2021 09:25:27 GMT" time="0.314" errors="0">
  <testcase name="password" time="0.182" classname="org.testng.suite1"/>
  <testcase name="username" time="0.132" classname="org.testng.suite1"/>
</testsuite> <!-- org.testng.suite1 -->
